Rebuild target 'AI8051U_FYZW_SAFE'
compiling main.c...
compiling app_scheduler.c...
compiling app_output_arbitration.c...
compiling app_state_machine.c...
compiling app_safety.c...
compiling app_telemetry.c...
compiling app_params.c...
compiling bsp_init.c...
compiling bsp_timebase.c...
compiling bsp_drive.c...
compiling bsp_steering.c...
compiling bsp_suction.c...
compiling bsp_encoder.c...
compiling bsp_emag.c...
compiling bsp_imu.c...
compiling bsp_power.c...
compiling bsp_ui.c...
compiling bsp_debug_uart.c...
compiling ctrl_signal.c...
compiling ctrl_line.c...
compiling ctrl_fuzzy_pid.c...
compiling ctrl_fuzzy_steering.c...
compiling ctrl_attitude.c...
compiling ctrl_speed.c...
compiling ctrl_steering.c...
compiling ctrl_vehicle.c...
compiling ctrl_adhesion.c...
compiling ctrl_transition.c...
compiling ctrl_profile.c...
compiling track_features.c...
compiling track_route_profile.c...
compiling track_surface_state.c...
compiling track_state_machine.c...
compiling track_strategy.c...
compiling AI8051U_ADC.c...
compiling AI8051U_Clock.c...
compiling AI8051U_Delay.c...
compiling AI8051U_DMA.c...
compiling AI8051U_GPIO.c...
compiling AI8051U_I2C.c...
compiling AI8051U_NVIC.c...
compiling AI8051U_PWM.c...
compiling AI8051U_SPI.c...
compiling AI8051U_Timer.c...
compiling AI8051U_UART.c...
compiling AI8051U_WDT.c...
linking...
Program Size: data=8.3 edata+hdata=1347 xdata=0 const=6265 code=13822
creating hex file from ".\OBJ_Out\smartcar_fyzw"...
".\OBJ_Out\smartcar_fyzw" - 0 Error(s), 0 Warning(s).
Build Time Elapsed:  00:00:03

CLEAN_EXIT_CODE: 0
REBUILD_EXIT_CODE: 0
