COMMAND: python sim\scripts\run_differential_wall_logic_sil.py
Differential wall Host-SIL scenarios: 20/20 passed
EXIT_CODE: 0

COMMAND: python sim\scripts\run_real_control_chain_sil.py
Real control chain Host-SIL scenarios: 10/10 passed
EXIT_CODE: 0

COMMAND: python sim\scripts\run_p0_safety_gate.py
P0 safety gate scenarios: 13/13 passed
EXIT_CODE: 0

COMMAND: python sim\scripts\run_full_course_sil.py
Full-course Host-SIL scenarios: 20/20 passed
EXIT_CODE: 0

COMMAND: python sim\scripts\run_fuzzy_pid_sil.py
Fuzzy PID Host-SIL scenarios: 10/10 passed
EXIT_CODE: 0

COMMAND: python -m unittest sim.tests.test_differential_wall_logic_cli sim.tests.test_real_control_chain_cli sim.tests.test_fuzzy_pid_cli sim.tests.test_full_course_cli sim.tests.test_sil_cli
.....
----------------------------------------------------------------------
Ran 5 tests in 8.344s

OK
EXIT_CODE: 0
